<?xml version="1.0" encoding="UTF-8"?>
<testng-results skipped="0" failed="1" total="2" passed="1">
  <reporter-output>
  </reporter-output>
  <suite name="suite test" duration-ms="33123" started-at="2019-10-27T18:59:01Z" finished-at="2019-10-27T18:59:34Z">
    <groups>
    </groups>
    <test name="CU01" duration-ms="33123" started-at="2019-10-27T18:59:01Z" finished-at="2019-10-27T18:59:34Z">
      <class name="pe.com.hitss.testcases.T_automationExam">
        <test-method status="PASS" signature="Configuracion()[pri:0, instance:pe.com.hitss.testcases.T_automationExam@6f7fd0e6]" name="Configuracion" is-config="true" duration-ms="4244" started-at="2019-10-27T13:59:01Z" finished-at="2019-10-27T13:59:06Z">
          <reporter-output>
          </reporter-output>
        </test-method> <!-- Configuracion -->
        <test-method status="PASS" signature="iniciarTest(java.lang.reflect.Method)[pri:0, instance:pe.com.hitss.testcases.T_automationExam@6f7fd0e6]" name="iniciarTest" is-config="true" duration-ms="1" started-at="2019-10-27T13:59:06Z" finished-at="2019-10-27T13:59:06Z">
          <params>
            <param index="0">
              <value>
                <![CDATA[public void pe.com.hitss.testcases.T_automationExam.Ingreso()]]>
              </value>
            </param>
          </params>
          <reporter-output>
          </reporter-output>
        </test-method> <!-- iniciarTest -->
        <test-method status="PASS" signature="Ingreso()[pri:1, instance:pe.com.hitss.testcases.T_automationExam@6f7fd0e6]" name="Ingreso" duration-ms="1" started-at="2019-10-27T13:59:06Z" finished-at="2019-10-27T13:59:06Z">
          <reporter-output>
          </reporter-output>
        </test-method> <!-- Ingreso -->
        <test-method status="PASS" signature="printResult(org.testng.ITestResult)[pri:0, instance:pe.com.hitss.testcases.T_automationExam@6f7fd0e6]" name="printResult" is-config="true" duration-ms="1" started-at="2019-10-27T13:59:06Z" finished-at="2019-10-27T13:59:06Z">
          <params>
            <param index="0">
              <value>
                <![CDATA[[TestResult name=Ingreso status=SUCCESS method=T_automationExam.Ingreso()[pri:1, instance:pe.com.hitss.testcases.T_automationExam@6f7fd0e6] output={null}]]]>
              </value>
            </param>
          </params>
          <reporter-output>
          </reporter-output>
        </test-method> <!-- printResult -->
        <test-method status="PASS" signature="iniciarTest(java.lang.reflect.Method)[pri:0, instance:pe.com.hitss.testcases.T_automationExam@6f7fd0e6]" name="iniciarTest" is-config="true" duration-ms="1" started-at="2019-10-27T13:59:06Z" finished-at="2019-10-27T13:59:06Z">
          <params>
            <param index="0">
              <value>
                <![CDATA[public void pe.com.hitss.testcases.T_automationExam.aniadirCotizacionNatural(java.lang.String,java.lang.String) throws java.io.IOException]]>
              </value>
            </param>
          </params>
          <reporter-output>
          </reporter-output>
        </test-method> <!-- iniciarTest -->
        <test-method status="FAIL" signature="aniadirCotizacionNatural(java.lang.String, java.lang.String)[pri:2, instance:pe.com.hitss.testcases.T_automationExam@6f7fd0e6]" name="aniadirCotizacionNatural" duration-ms="27573" started-at="2019-10-27T13:59:06Z" data-provider="dataCliente" finished-at="2019-10-27T13:59:34Z">
          <params>
            <param index="0">
              <value>
                <![CDATA[shoes]]>
              </value>
            </param>
            <param index="1">
              <value>
                <![CDATA[PUMA]]>
              </value>
            </param>
          </params>
          <exception class="org.openqa.selenium.TimeoutException">
            <message>
              <![CDATA[Expected condition failed: waiting for presence of element located by: By.xpath: //*[@id="x-refine__group_1__2"]/ul/li[5]/div/a/div/input (tried for 10 second(s) with 2 SECONDS interval)]]>
            </message>
            <full-stacktrace>
              <![CDATA[org.openqa.selenium.TimeoutException: Expected condition failed: waiting for presence of element located by: By.xpath: //*[@id="x-refine__group_1__2"]/ul/li[5]/div/a/div/input (tried for 10 second(s) with 2 SECONDS interval)
	at org.openqa.selenium.support.ui.FluentWait.timeoutException(FluentWait.java:264)
	at org.openqa.selenium.support.ui.FluentWait.until(FluentWait.java:232)
	at pe.com.hitss.util.ElementOperations.clickByXpath(ElementOperations.java:133)
	at pe.com.hitss.testcases.T_automationExam.aniadirCotizacionNatural(T_automationExam.java:114)
	at sun.reflect.NativeMethodAccessorImpl.invoke0(Native Method)
	at sun.reflect.NativeMethodAccessorImpl.invoke(NativeMethodAccessorImpl.java:62)
	at sun.reflect.DelegatingMethodAccessorImpl.invoke(DelegatingMethodAccessorImpl.java:43)
	at java.lang.reflect.Method.invoke(Method.java:498)
	at org.testng.internal.MethodInvocationHelper.invokeMethod(MethodInvocationHelper.java:86)
	at org.testng.internal.Invoker.invokeMethod(Invoker.java:643)
	at org.testng.internal.Invoker.invokeTestMethod(Invoker.java:820)
	at org.testng.internal.Invoker.invokeTestMethods(Invoker.java:1128)
	at org.testng.internal.TestMethodWorker.invokeTestMethods(TestMethodWorker.java:129)
	at org.testng.internal.TestMethodWorker.run(TestMethodWorker.java:112)
	at org.testng.TestRunner.privateRun(TestRunner.java:782)
	at org.testng.TestRunner.run(TestRunner.java:632)
	at org.testng.SuiteRunner.runTest(SuiteRunner.java:366)
	at org.testng.SuiteRunner.runSequentially(SuiteRunner.java:361)
	at org.testng.SuiteRunner.privateRun(SuiteRunner.java:319)
	at org.testng.SuiteRunner.run(SuiteRunner.java:268)
	at org.testng.SuiteRunnerWorker.runSuite(SuiteRunnerWorker.java:52)
	at org.testng.SuiteRunnerWorker.run(SuiteRunnerWorker.java:86)
	at org.testng.TestNG.runSuitesSequentially(TestNG.java:1244)
	at org.testng.TestNG.runSuitesLocally(TestNG.java:1169)
	at org.testng.TestNG.run(TestNG.java:1064)
	at org.apache.maven.surefire.testng.TestNGExecutor.run(TestNGExecutor.java:293)
	at org.apache.maven.surefire.testng.TestNGXmlTestSuite.execute(TestNGXmlTestSuite.java:84)
	at org.apache.maven.surefire.testng.TestNGProvider.invoke(TestNGProvider.java:91)
	at org.apache.maven.surefire.booter.ForkedBooter.invokeProviderInSameClassLoader(ForkedBooter.java:200)
	at org.apache.maven.surefire.booter.ForkedBooter.runSuitesInProcess(ForkedBooter.java:153)
	at org.apache.maven.surefire.booter.ForkedBooter.main(ForkedBooter.java:103)
Caused by: org.openqa.selenium.NoSuchElementException: Cannot locate an element using By.xpath: //*[@id="x-refine__group_1__2"]/ul/li[5]/div/a/div/input
For documentation on this error, please visit: http://seleniumhq.org/exceptions/no_such_element.html
Build info: version: '3.5.2', revision: '10229a9', time: '2017-08-21T17:29:55.15Z'
System info: host: 'HPERLAPPACHECON', ip: '192.168.56.1', os.name: 'Windows 8.1', os.arch: 'amd64', os.version: '6.3', java.version: '1.8.0_121'
Driver info: driver.version: unknown
	at org.openqa.selenium.support.ui.ExpectedConditions.lambda$findElement$0(ExpectedConditions.java:883)
	at java.util.Optional.orElseThrow(Optional.java:290)
	at org.openqa.selenium.support.ui.ExpectedConditions.findElement(ExpectedConditions.java:882)
	at org.openqa.selenium.support.ui.ExpectedConditions.access$000(ExpectedConditions.java:44)
	at org.openqa.selenium.support.ui.ExpectedConditions$6.apply(ExpectedConditions.java:183)
	at org.openqa.selenium.support.ui.ExpectedConditions$6.apply(ExpectedConditions.java:180)
	at org.openqa.selenium.support.ui.FluentWait.until(FluentWait.java:209)
	... 29 more
]]>
            </full-stacktrace>
          </exception> <!-- org.openqa.selenium.TimeoutException -->
          <reporter-output>
          </reporter-output>
        </test-method> <!-- aniadirCotizacionNatural -->
        <test-method status="PASS" signature="printResult(org.testng.ITestResult)[pri:0, instance:pe.com.hitss.testcases.T_automationExam@6f7fd0e6]" name="printResult" is-config="true" duration-ms="1" started-at="2019-10-27T13:59:34Z" finished-at="2019-10-27T13:59:34Z">
          <params>
            <param index="0">
              <value>
                <![CDATA[[TestResult name=aniadirCotizacionNatural status=FAILURE method=T_automationExam.aniadirCotizacionNatural(java.lang.String, java.lang.String)[pri:2, instance:pe.com.hitss.testcases.T_automationExam@6f7fd0e6] output={null}]]]>
              </value>
            </param>
          </params>
          <reporter-output>
          </reporter-output>
        </test-method> <!-- printResult -->
        <test-method status="PASS" signature="End()[pri:0, instance:pe.com.hitss.testcases.T_automationExam@6f7fd0e6]" name="End" is-config="true" duration-ms="737" started-at="2019-10-27T13:59:34Z" finished-at="2019-10-27T13:59:34Z">
          <reporter-output>
          </reporter-output>
        </test-method> <!-- End -->
      </class> <!-- pe.com.hitss.testcases.T_automationExam -->
    </test> <!-- CU01 -->
  </suite> <!-- suite test -->
</testng-results>
