<?xml version="1.0" encoding="UTF-8"?>
<!-- Generated by org.testng.reporters.JUnitXMLReporter -->
<testsuite hostname="HPERLAPPACHECONI" name="CU01" tests="2" failures="1" timestamp="27 Oct 2019 18:59:34 GMT" time="33.123" errors="0">
  <testcase name="Ingreso" time="0.001" classname="pe.com.hitss.testcases.T_automationExam"/>
  <testcase name="aniadirCotizacionNatural" time="27.573" classname="pe.com.hitss.testcases.T_automationExam">
    <failure type="org.openqa.selenium.TimeoutException" message="Expected condition failed: waiting for presence of element located by: By.xpath: //*[@id=&amp;quot;x-refine__group_1__2&amp;quot;]/ul/li[5]/div/a/div/input (tried for 10 second(s) with 2 SECONDS interval)">
      <![CDATA[org.openqa.selenium.TimeoutException: Expected condition failed: waiting for presence of element located by: By.xpath: //*[@id="x-refine__group_1__2"]/ul/li[5]/div/a/div/input (tried for 10 second(s) with 2 SECONDS interval)
	at org.openqa.selenium.support.ui.FluentWait.timeoutException(FluentWait.java:264)
	at org.openqa.selenium.support.ui.FluentWait.until(FluentWait.java:232)
	at pe.com.hitss.util.ElementOperations.clickByXpath(ElementOperations.java:133)
	at pe.com.hitss.testcases.T_automationExam.aniadirCotizacionNatural(T_automationExam.java:114)
Caused by: org.openqa.selenium.NoSuchElementException: Cannot locate an element using By.xpath: //*[@id="x-refine__group_1__2"]/ul/li[5]/div/a/div/input
For documentation on this error, please visit: http://seleniumhq.org/exceptions/no_such_element.html
Build info: version: '3.5.2', revision: '10229a9', time: '2017-08-21T17:29:55.15Z'
System info: host: 'HPERLAPPACHECON', ip: '192.168.56.1', os.name: 'Windows 8.1', os.arch: 'amd64', os.version: '6.3', java.version: '1.8.0_121'
Driver info: driver.version: unknown
	at org.openqa.selenium.support.ui.ExpectedConditions.lambda$findElement$0(ExpectedConditions.java:883)
	at java.util.Optional.orElseThrow(Optional.java:290)
	at org.openqa.selenium.support.ui.ExpectedConditions.findElement(ExpectedConditions.java:882)
	at org.openqa.selenium.support.ui.ExpectedConditions.access$000(ExpectedConditions.java:44)
	at org.openqa.selenium.support.ui.ExpectedConditions$6.apply(ExpectedConditions.java:183)
	at org.openqa.selenium.support.ui.ExpectedConditions$6.apply(ExpectedConditions.java:180)
	at org.openqa.selenium.support.ui.FluentWait.until(FluentWait.java:209)
	... 29 more
... Removed 27 stack frames]]>
    </failure>
  </testcase> <!-- aniadirCotizacionNatural -->
</testsuite> <!-- CU01 -->
